# JRE version: Java(TM) SE Runtime Environment (7.0_45-b18) (build 1.7.0_45-b18)
# Java VM: Java HotSpot(TM) 64-Bit Server VM (24.45-b08 mixed mode windows-amd64 compressed oops)
Heap
 PSYoungGen      total 337920K, used 206536K [0x00000007cb880000, 0x00000007e1a80000, 0x0000000800000000)
  eden space 316416K, 59% used [0x00000007cb880000,0x00000007d71b1510,0x00000007ded80000)
  from space 21504K, 78% used [0x00000007e0380000,0x00000007e1400ca8,0x00000007e1880000)
  to   space 22528K, 0% used [0x00000007ded80000,0x00000007ded80000,0x00000007e0380000)
 ParOldGen       total 107008K, used 21746K [0x0000000762a00000, 0x0000000769280000, 0x00000007cb880000)
  object space 107008K, 20% used [0x0000000762a00000,0x0000000763f3cab0,0x0000000769280000)
 PSPermGen       total 57344K, used 57311K [0x000000075d800000, 0x0000000761000000, 0x0000000762a00000)
  object space 57344K, 99% used [0x000000075d800000,0x0000000760ff7e00,0x0000000761000000)
GC Heap History (10 events):
Event: 2.850 GC heap before
{Heap before GC invocations=4 (full 0):
 PSYoungGen      total 47104K, used 47080K [0x00000007cb880000, 0x00000007d1480000, 0x0000000800000000)
  eden space 40448K, 100% used [0x00000007cb880000,0x00000007ce000000,0x00000007ce000000)
  from space 6656K, 99% used [0x00000007ce000000,0x00000007ce67a020,0x00000007ce680000)
  to   space 6656K, 0% used [0x00000007d0e00000,0x00000007d0e00000,0x00000007d1480000)
 ParOldGen       total 107008K, used 3249K [0x0000000762a00000, 0x0000000769280000, 0x00000007cb880000)
  object space 107008K, 3% used [0x0000000762a00000,0x0000000762d2c710,0x0000000769280000)
 PSPermGen       total 21504K, used 14532K [0x000000075d800000, 0x000000075ed00000, 0x0000000762a00000)
  object space 21504K, 67% used [0x000000075d800000,0x000000075e631368,0x000000075ed00000)
Event: 2.859 GC heap after
Heap after GC invocations=4 (full 0):
 PSYoungGen      total 87552K, used 6632K [0x00000007cb880000, 0x00000007d1480000, 0x0000000800000000)
  eden space 80896K, 0% used [0x00000007cb880000,0x00000007cb880000,0x00000007d0780000)
  from space 6656K, 99% used [0x00000007d0e00000,0x00000007d147a040,0x00000007d1480000)
  to   space 6656K, 0% used [0x00000007d0780000,0x00000007d0780000,0x00000007d0e00000)
 ParOldGen       total 107008K, used 5380K [0x0000000762a00000, 0x0000000769280000, 0x00000007cb880000)
  object space 107008K, 5% used [0x0000000762a00000,0x0000000762f410c8,0x0000000769280000)
 PSPermGen       total 21504K, used 14532K [0x000000075d800000, 0x000000075ed00000, 0x0000000762a00000)
  object space 21504K, 67% used [0x000000075d800000,0x000000075e631368,0x000000075ed00000)
}
Event: 3.964 GC heap before
{Heap before GC invocations=5 (full 0):
 PSYoungGen      total 87552K, used 87528K [0x00000007cb880000, 0x00000007d1480000, 0x0000000800000000)
  eden space 80896K, 100% used [0x00000007cb880000,0x00000007d0780000,0x00000007d0780000)
  from space 6656K, 99% used [0x00000007d0e00000,0x00000007d147a040,0x00000007d1480000)
  to   space 6656K, 0% used [0x00000007d0780000,0x00000007d0780000,0x00000007d0e00000)
 ParOldGen       total 107008K, used 5380K [0x0000000762a00000, 0x0000000769280000, 0x00000007cb880000)
  object space 107008K, 5% used [0x0000000762a00000,0x0000000762f410c8,0x0000000769280000)
 PSPermGen       total 21504K, used 20076K [0x000000075d800000, 0x000000075ed00000, 0x0000000762a00000)
  object space 21504K, 93% used [0x000000075d800000,0x000000075eb9b110,0x000000075ed00000)
Event: 3.980 GC heap after
Heap after GC invocations=5 (full 0):
 PSYoungGen      total 87552K, used 6648K [0x00000007cb880000, 0x00000007d7080000, 0x0000000800000000)
  eden space 80896K, 0% used [0x00000007cb880000,0x00000007cb880000,0x00000007d0780000)
  from space 6656K, 99% used [0x00000007d0780000,0x00000007d0dfe010,0x00000007d0e00000)
  to   space 13312K, 0% used [0x00000007d6380000,0x00000007d6380000,0x00000007d7080000)
 ParOldGen       total 107008K, used 12602K [0x0000000762a00000, 0x0000000769280000, 0x00000007cb880000)
  object space 107008K, 11% used [0x0000000762a00000,0x000000076364ebd8,0x0000000769280000)
 PSPermGen       total 21504K, used 20076K [0x000000075d800000, 0x000000075ed00000, 0x0000000762a00000)
  object space 21504K, 93% used [0x000000075d800000,0x000000075eb9b110,0x000000075ed00000)
}
Event: 5.119 GC heap before
{Heap before GC invocations=6 (full 0):
 PSYoungGen      total 87552K, used 87544K [0x00000007cb880000, 0x00000007d7080000, 0x0000000800000000)
  eden space 80896K, 100% used [0x00000007cb880000,0x00000007d0780000,0x00000007d0780000)
  from space 6656K, 99% used [0x00000007d0780000,0x00000007d0dfe010,0x00000007d0e00000)
  to   space 13312K, 0% used [0x00000007d6380000,0x00000007d6380000,0x00000007d7080000)
 ParOldGen       total 107008K, used 12602K [0x0000000762a00000, 0x0000000769280000, 0x00000007cb880000)
  object space 107008K, 11% used [0x0000000762a00000,0x000000076364ebd8,0x0000000769280000)
 PSPermGen       total 27136K, used 26822K [0x000000075d800000, 0x000000075f280000, 0x0000000762a00000)
  object space 27136K, 98% used [0x000000075d800000,0x000000075f231a98,0x000000075f280000)
Event: 5.137 GC heap after
Heap after GC invocations=6 (full 0):
 PSYoungGen      total 172032K, used 13306K [0x00000007cb880000, 0x00000007d7680000, 0x0000000800000000)
  eden space 158720K, 0% used [0x00000007cb880000,0x00000007cb880000,0x00000007d5380000)
  from space 13312K, 99% used [0x00000007d6380000,0x00000007d707eb90,0x00000007d7080000)
  to   space 16384K, 0% used [0x00000007d5380000,0x00000007d5380000,0x00000007d6380000)
 ParOldGen       total 107008K, used 14457K [0x0000000762a00000, 0x0000000769280000, 0x00000007cb880000)
  object space 107008K, 13% used [0x0000000762a00000,0x000000076381e738,0x0000000769280000)
 PSPermGen       total 27136K, used 26822K [0x000000075d800000, 0x000000075f280000, 0x0000000762a00000)
  object space 27136K, 98% used [0x000000075d800000,0x000000075f231a98,0x000000075f280000)
}
Event: 6.978 GC heap before
{Heap before GC invocations=7 (full 0):
 PSYoungGen      total 172032K, used 172026K [0x00000007cb880000, 0x00000007d7680000, 0x0000000800000000)
  eden space 158720K, 100% used [0x00000007cb880000,0x00000007d5380000,0x00000007d5380000)
  from space 13312K, 99% used [0x00000007d6380000,0x00000007d707eb90,0x00000007d7080000)
  to   space 16384K, 0% used [0x00000007d5380000,0x00000007d5380000,0x00000007d6380000)
 ParOldGen       total 107008K, used 14457K [0x0000000762a00000, 0x0000000769280000, 0x00000007cb880000)
  object space 107008K, 13% used [0x0000000762a00000,0x000000076381e738,0x0000000769280000)
 PSPermGen       total 39424K, used 38919K [0x000000075d800000, 0x000000075fe80000, 0x0000000762a00000)
  object space 39424K, 98% used [0x000000075d800000,0x000000075fe01ee8,0x000000075fe80000)
Event: 7.008 GC heap after
Heap after GC invocations=7 (full 0):
 PSYoungGen      total 175104K, used 16379K [0x00000007cb880000, 0x00000007e1880000, 0x0000000800000000)
  eden space 158720K, 0% used [0x00000007cb880000,0x00000007cb880000,0x00000007d5380000)
  from space 16384K, 99% used [0x00000007d5380000,0x00000007d637eeb0,0x00000007d6380000)
  to   space 21504K, 0% used [0x00000007e0380000,0x00000007e0380000,0x00000007e1880000)
 ParOldGen       total 107008K, used 20922K [0x0000000762a00000, 0x0000000769280000, 0x00000007cb880000)
  object space 107008K, 19% used [0x0000000762a00000,0x0000000763e6eab0,0x0000000769280000)
 PSPermGen       total 39424K, used 38919K [0x000000075d800000, 0x000000075fe80000, 0x0000000762a00000)
  object space 39424K, 98% used [0x000000075d800000,0x000000075fe01ee8,0x000000075fe80000)
}
Event: 8.921 GC heap before
{Heap before GC invocations=8 (full 0):
 PSYoungGen      total 175104K, used 175099K [0x00000007cb880000, 0x00000007e1880000, 0x0000000800000000)
  eden space 158720K, 100% used [0x00000007cb880000,0x00000007d5380000,0x00000007d5380000)
  from space 16384K, 99% used [0x00000007d5380000,0x00000007d637eeb0,0x00000007d6380000)
  to   space 21504K, 0% used [0x00000007e0380000,0x00000007e0380000,0x00000007e1880000)
 ParOldGen       total 107008K, used 20922K [0x0000000762a00000, 0x0000000769280000, 0x00000007cb880000)
  object space 107008K, 19% used [0x0000000762a00000,0x0000000763e6eab0,0x0000000769280000)
 PSPermGen       total 48128K, used 48089K [0x000000075d800000, 0x0000000760700000, 0x0000000762a00000)
  object space 48128K, 99% used [0x000000075d800000,0x00000007606f6528,0x0000000760700000)
Event: 8.954 GC heap after
Heap after GC invocations=8 (full 0):
 PSYoungGen      total 337920K, used 16899K [0x00000007cb880000, 0x00000007e1a80000, 0x0000000800000000)
  eden space 316416K, 0% used [0x00000007cb880000,0x00000007cb880000,0x00000007ded80000)
  from space 21504K, 78% used [0x00000007e0380000,0x00000007e1400ca8,0x00000007e1880000)
  to   space 22528K, 0% used [0x00000007ded80000,0x00000007ded80000,0x00000007e0380000)
 ParOldGen       total 107008K, used 21746K [0x0000000762a00000, 0x0000000769280000, 0x00000007cb880000)
  object space 107008K, 20% used [0x0000000762a00000,0x0000000763f3cab0,0x0000000769280000)
 PSPermGen       total 48128K, used 48089K [0x000000075d800000, 0x0000000760700000, 0x0000000762a00000)
  object space 48128K, 99% used [0x000000075d800000,0x00000007606f6528,0x0000000760700000)
}

