# JRE version: Java(TM) SE Runtime Environment (7.0_45-b18) (build 1.7.0_45-b18)
# Java VM: Java HotSpot(TM) 64-Bit Server VM (24.45-b08 mixed mode windows-amd64 compressed oops)
Heap
 PSYoungGen      total 338944K, used 275331K [0x00000007cb880000, 0x00000007edc00000, 0x0000000800000000)
  eden space 311296K, 79% used [0x00000007cb880000,0x00000007dab1f920,0x00000007de880000)
  from space 27648K, 97% used [0x00000007de880000,0x00000007e02c14a0,0x00000007e0380000)
  to   space 31232K, 0% used [0x00000007ebd80000,0x00000007ebd80000,0x00000007edc00000)
 ParOldGen       total 107008K, used 34171K [0x0000000762a00000, 0x0000000769280000, 0x00000007cb880000)
  object space 107008K, 31% used [0x0000000762a00000,0x0000000764b5ed78,0x0000000769280000)
 PSPermGen       total 71168K, used 70818K [0x000000075d800000, 0x0000000761d80000, 0x0000000762a00000)
  object space 71168K, 99% used [0x000000075d800000,0x0000000761d28888,0x0000000761d80000)
GC Heap History (10 events):
Event: 3.410 GC heap before
{Heap before GC invocations=5 (full 0):
 PSYoungGen      total 87552K, used 87484K [0x00000007cb880000, 0x00000007d1480000, 0x0000000800000000)
  eden space 80896K, 99% used [0x00000007cb880000,0x00000007d07750a8,0x00000007d0780000)
  from space 6656K, 99% used [0x00000007d0e00000,0x00000007d147a020,0x00000007d1480000)
  to   space 6656K, 0% used [0x00000007d0780000,0x00000007d0780000,0x00000007d0e00000)
 ParOldGen       total 107008K, used 5817K [0x0000000762a00000, 0x0000000769280000, 0x00000007cb880000)
  object space 107008K, 5% used [0x0000000762a00000,0x0000000762fae5f8,0x0000000769280000)
 PSPermGen       total 21504K, used 18139K [0x000000075d800000, 0x000000075ed00000, 0x0000000762a00000)
  object space 21504K, 84% used [0x000000075d800000,0x000000075e9b6ee0,0x000000075ed00000)
Event: 3.420 GC heap after
Heap after GC invocations=5 (full 0):
 PSYoungGen      total 87552K, used 6648K [0x00000007cb880000, 0x00000007d6c80000, 0x0000000800000000)
  eden space 80896K, 0% used [0x00000007cb880000,0x00000007cb880000,0x00000007d0780000)
  from space 6656K, 99% used [0x00000007d0780000,0x00000007d0dfe318,0x00000007d0e00000)
  to   space 11264K, 0% used [0x00000007d6180000,0x00000007d6180000,0x00000007d6c80000)
 ParOldGen       total 107008K, used 9776K [0x0000000762a00000, 0x0000000769280000, 0x00000007cb880000)
  object space 107008K, 9% used [0x0000000762a00000,0x000000076338c0d8,0x0000000769280000)
 PSPermGen       total 21504K, used 18139K [0x000000075d800000, 0x000000075ed00000, 0x0000000762a00000)
  object space 21504K, 84% used [0x000000075d800000,0x000000075e9b6ee0,0x000000075ed00000)
}
Event: 5.161 GC heap before
{Heap before GC invocations=6 (full 0):
 PSYoungGen      total 87552K, used 87544K [0x00000007cb880000, 0x00000007d6c80000, 0x0000000800000000)
  eden space 80896K, 100% used [0x00000007cb880000,0x00000007d0780000,0x00000007d0780000)
  from space 6656K, 99% used [0x00000007d0780000,0x00000007d0dfe318,0x00000007d0e00000)
  to   space 11264K, 0% used [0x00000007d6180000,0x00000007d6180000,0x00000007d6c80000)
 ParOldGen       total 107008K, used 9776K [0x0000000762a00000, 0x0000000769280000, 0x00000007cb880000)
  object space 107008K, 9% used [0x0000000762a00000,0x000000076338c0d8,0x0000000769280000)
 PSPermGen       total 21504K, used 19142K [0x000000075d800000, 0x000000075ed00000, 0x0000000762a00000)
  object space 21504K, 89% used [0x000000075d800000,0x000000075eab1b28,0x000000075ed00000)
Event: 5.181 GC heap after
Heap after GC invocations=6 (full 0):
 PSYoungGen      total 168960K, used 11259K [0x00000007cb880000, 0x00000007d7480000, 0x0000000800000000)
  eden space 157696K, 0% used [0x00000007cb880000,0x00000007cb880000,0x00000007d5280000)
  from space 11264K, 99% used [0x00000007d6180000,0x00000007d6c7ec78,0x00000007d6c80000)
  to   space 15360K, 0% used [0x00000007d5280000,0x00000007d5280000,0x00000007d6180000)
 ParOldGen       total 107008K, used 14949K [0x0000000762a00000, 0x0000000769280000, 0x00000007cb880000)
  object space 107008K, 13% used [0x0000000762a00000,0x00000007638997f0,0x0000000769280000)
 PSPermGen       total 21504K, used 19142K [0x000000075d800000, 0x000000075ed00000, 0x0000000762a00000)
  object space 21504K, 89% used [0x000000075d800000,0x000000075eab1b28,0x000000075ed00000)
}
Event: 7.473 GC heap before
{Heap before GC invocations=7 (full 0):
 PSYoungGen      total 168960K, used 168955K [0x00000007cb880000, 0x00000007d7480000, 0x0000000800000000)
  eden space 157696K, 100% used [0x00000007cb880000,0x00000007d5280000,0x00000007d5280000)
  from space 11264K, 99% used [0x00000007d6180000,0x00000007d6c7ec78,0x00000007d6c80000)
  to   space 15360K, 0% used [0x00000007d5280000,0x00000007d5280000,0x00000007d6180000)
 ParOldGen       total 107008K, used 14949K [0x0000000762a00000, 0x0000000769280000, 0x00000007cb880000)
  object space 107008K, 13% used [0x0000000762a00000,0x00000007638997f0,0x0000000769280000)
 PSPermGen       total 33792K, used 33582K [0x000000075d800000, 0x000000075f900000, 0x0000000762a00000)
  object space 33792K, 99% used [0x000000075d800000,0x000000075f8cb998,0x000000075f900000)
Event: 7.515 GC heap after
Heap after GC invocations=7 (full 0):
 PSYoungGen      total 173056K, used 15329K [0x00000007cb880000, 0x00000007e1a80000, 0x0000000800000000)
  eden space 157696K, 0% used [0x00000007cb880000,0x00000007cb880000,0x00000007d5280000)
  from space 15360K, 99% used [0x00000007d5280000,0x00000007d6178478,0x00000007d6180000)
  to   space 23552K, 0% used [0x00000007e0380000,0x00000007e0380000,0x00000007e1a80000)
 ParOldGen       total 107008K, used 26769K [0x0000000762a00000, 0x0000000769280000, 0x00000007cb880000)
  object space 107008K, 25% used [0x0000000762a00000,0x0000000764424470,0x0000000769280000)
 PSPermGen       total 33792K, used 33582K [0x000000075d800000, 0x000000075f900000, 0x0000000762a00000)
  object space 33792K, 99% used [0x000000075d800000,0x000000075f8cb998,0x000000075f900000)
}
Event: 9.475 GC heap before
{Heap before GC invocations=8 (full 0):
 PSYoungGen      total 173056K, used 173025K [0x00000007cb880000, 0x00000007e1a80000, 0x0000000800000000)
  eden space 157696K, 100% used [0x00000007cb880000,0x00000007d5280000,0x00000007d5280000)
  from space 15360K, 99% used [0x00000007d5280000,0x00000007d6178478,0x00000007d6180000)
  to   space 23552K, 0% used [0x00000007e0380000,0x00000007e0380000,0x00000007e1a80000)
 ParOldGen       total 107008K, used 26769K [0x0000000762a00000, 0x0000000769280000, 0x00000007cb880000)
  object space 107008K, 25% used [0x0000000762a00000,0x0000000764424470,0x0000000769280000)
 PSPermGen       total 44032K, used 43763K [0x000000075d800000, 0x0000000760300000, 0x0000000762a00000)
  object space 44032K, 99% used [0x000000075d800000,0x00000007602bcec8,0x0000000760300000)
Event: 9.495 GC heap after
Heap after GC invocations=8 (full 0):
 PSYoungGen      total 334848K, used 23545K [0x00000007cb880000, 0x00000007e2280000, 0x0000000800000000)
  eden space 311296K, 0% used [0x00000007cb880000,0x00000007cb880000,0x00000007de880000)
  from space 23552K, 99% used [0x00000007e0380000,0x00000007e1a7e450,0x00000007e1a80000)
  to   space 27648K, 0% used [0x00000007de880000,0x00000007de880000,0x00000007e0380000)
 ParOldGen       total 107008K, used 28023K [0x0000000762a00000, 0x0000000769280000, 0x00000007cb880000)
  object space 107008K, 26% used [0x0000000762a00000,0x000000076455dea0,0x0000000769280000)
 PSPermGen       total 44032K, used 43763K [0x000000075d800000, 0x0000000760300000, 0x0000000762a00000)
  object space 44032K, 99% used [0x000000075d800000,0x00000007602bcec8,0x0000000760300000)
}
Event: 13.302 GC heap before
{Heap before GC invocations=9 (full 0):
 PSYoungGen      total 334848K, used 334841K [0x00000007cb880000, 0x00000007e2280000, 0x0000000800000000)
  eden space 311296K, 100% used [0x00000007cb880000,0x00000007de880000,0x00000007de880000)
  from space 23552K, 99% used [0x00000007e0380000,0x00000007e1a7e450,0x00000007e1a80000)
  to   space 27648K, 0% used [0x00000007de880000,0x00000007de880000,0x00000007e0380000)
 ParOldGen       total 107008K, used 28023K [0x0000000762a00000, 0x0000000769280000, 0x00000007cb880000)
  object space 107008K, 26% used [0x0000000762a00000,0x000000076455dea0,0x0000000769280000)
 PSPermGen       total 56832K, used 56798K [0x000000075d800000, 0x0000000760f80000, 0x0000000762a00000)
  object space 56832K, 99% used [0x000000075d800000,0x0000000760f77a00,0x0000000760f80000)
Event: 13.330 GC heap after
Heap after GC invocations=9 (full 0):
 PSYoungGen      total 338944K, used 26885K [0x00000007cb880000, 0x00000007edc00000, 0x0000000800000000)
  eden space 311296K, 0% used [0x00000007cb880000,0x00000007cb880000,0x00000007de880000)
  from space 27648K, 97% used [0x00000007de880000,0x00000007e02c14a0,0x00000007e0380000)
  to   space 31232K, 0% used [0x00000007ebd80000,0x00000007ebd80000,0x00000007edc00000)
 ParOldGen       total 107008K, used 34171K [0x0000000762a00000, 0x0000000769280000, 0x00000007cb880000)
  object space 107008K, 31% used [0x0000000762a00000,0x0000000764b5ed78,0x0000000769280000)
 PSPermGen       total 56832K, used 56798K [0x000000075d800000, 0x0000000760f80000, 0x0000000762a00000)
  object space 56832K, 99% used [0x000000075d800000,0x0000000760f77a00,0x0000000760f80000)
}

