# JRE version: Java(TM) SE Runtime Environment (7.0_45-b18) (build 1.7.0_45-b18)
# Java VM: Java HotSpot(TM) 64-Bit Server VM (24.45-b08 mixed mode windows-amd64 compressed oops)
Heap
 PSYoungGen      total 414720K, used 341725K [0x00000000e0b00000, 0x00000000fb900000, 0x0000000100000000)
  eden space 393728K, 82% used [0x00000000e0b00000,0x00000000f4892648,0x00000000f8b80000)
  from space 20992K, 78% used [0x00000000fa180000,0x00000000fb1a4ff0,0x00000000fb600000)
  to   space 22528K, 0% used [0x00000000f8b80000,0x00000000f8b80000,0x00000000fa180000)
 ParOldGen       total 64000K, used 29172K [0x00000000a2200000, 0x00000000a6080000, 0x00000000e0b00000)
  object space 64000K, 45% used [0x00000000a2200000,0x00000000a3e7d320,0x00000000a6080000)
 PSPermGen       total 66048K, used 65950K [0x000000009d000000, 0x00000000a1080000, 0x00000000a2200000)
  object space 66048K, 99% used [0x000000009d000000,0x00000000a1067a38,0x00000000a1080000)
GC Heap History (10 events):
Event: 6.376 GC heap before
{Heap before GC invocations=4 (full 0):
 PSYoungGen      total 53760K, used 53752K [0x00000000e0b00000, 0x00000000e7400000, 0x0000000100000000)
  eden space 50176K, 100% used [0x00000000e0b00000,0x00000000e3c00000,0x00000000e3c00000)
  from space 3584K, 99% used [0x00000000e3c00000,0x00000000e3f7e010,0x00000000e3f80000)
  to   space 3584K, 0% used [0x00000000e7080000,0x00000000e7080000,0x00000000e7400000)
 ParOldGen       total 64000K, used 7908K [0x00000000a2200000, 0x00000000a6080000, 0x00000000e0b00000)
  object space 64000K, 12% used [0x00000000a2200000,0x00000000a29b91c8,0x00000000a6080000)
 PSPermGen       total 21504K, used 14384K [0x000000009d000000, 0x000000009e500000, 0x00000000a2200000)
  object space 21504K, 66% used [0x000000009d000000,0x000000009de0c350,0x000000009e500000)
Event: 6.405 GC heap after
Heap after GC invocations=4 (full 0):
 PSYoungGen      total 103936K, used 3552K [0x00000000e0b00000, 0x00000000e7400000, 0x0000000100000000)
  eden space 100352K, 0% used [0x00000000e0b00000,0x00000000e0b00000,0x00000000e6d00000)
  from space 3584K, 99% used [0x00000000e7080000,0x00000000e73f8020,0x00000000e7400000)
  to   space 3584K, 0% used [0x00000000e6d00000,0x00000000e6d00000,0x00000000e7080000)
 ParOldGen       total 64000K, used 11594K [0x00000000a2200000, 0x00000000a6080000, 0x00000000e0b00000)
  object space 64000K, 18% used [0x00000000a2200000,0x00000000a2d52810,0x00000000a6080000)
 PSPermGen       total 21504K, used 14384K [0x000000009d000000, 0x000000009e500000, 0x00000000a2200000)
  object space 21504K, 66% used [0x000000009d000000,0x000000009de0c350,0x000000009e500000)
}
Event: 9.054 GC heap before
{Heap before GC invocations=5 (full 0):
 PSYoungGen      total 103936K, used 103904K [0x00000000e0b00000, 0x00000000e7400000, 0x0000000100000000)
  eden space 100352K, 100% used [0x00000000e0b00000,0x00000000e6d00000,0x00000000e6d00000)
  from space 3584K, 99% used [0x00000000e7080000,0x00000000e73f8020,0x00000000e7400000)
  to   space 3584K, 0% used [0x00000000e6d00000,0x00000000e6d00000,0x00000000e7080000)
 ParOldGen       total 64000K, used 11594K [0x00000000a2200000, 0x00000000a6080000, 0x00000000e0b00000)
  object space 64000K, 18% used [0x00000000a2200000,0x00000000a2d52810,0x00000000a6080000)
 PSPermGen       total 21504K, used 19870K [0x000000009d000000, 0x000000009e500000, 0x00000000a2200000)
  object space 21504K, 92% used [0x000000009d000000,0x000000009e367990,0x000000009e500000)
Event: 9.076 GC heap after
Heap after GC invocations=5 (full 0):
 PSYoungGen      total 103936K, used 3584K [0x00000000e0b00000, 0x00000000ee600000, 0x0000000100000000)
  eden space 100352K, 0% used [0x00000000e0b00000,0x00000000e0b00000,0x00000000e6d00000)
  from space 3584K, 100% used [0x00000000e6d00000,0x00000000e7080000,0x00000000e7080000)
  to   space 11776K, 0% used [0x00000000eda80000,0x00000000eda80000,0x00000000ee600000)
 ParOldGen       total 64000K, used 18905K [0x00000000a2200000, 0x00000000a6080000, 0x00000000e0b00000)
  object space 64000K, 29% used [0x00000000a2200000,0x00000000a3476578,0x00000000a6080000)
 PSPermGen       total 21504K, used 19870K [0x000000009d000000, 0x000000009e500000, 0x00000000a2200000)
  object space 21504K, 92% used [0x000000009d000000,0x000000009e367990,0x000000009e500000)
}
Event: 12.230 GC heap before
{Heap before GC invocations=6 (full 0):
 PSYoungGen      total 103936K, used 103936K [0x00000000e0b00000, 0x00000000ee600000, 0x0000000100000000)
  eden space 100352K, 100% used [0x00000000e0b00000,0x00000000e6d00000,0x00000000e6d00000)
  from space 3584K, 100% used [0x00000000e6d00000,0x00000000e7080000,0x00000000e7080000)
  to   space 11776K, 0% used [0x00000000eda80000,0x00000000eda80000,0x00000000ee600000)
 ParOldGen       total 64000K, used 18905K [0x00000000a2200000, 0x00000000a6080000, 0x00000000e0b00000)
  object space 64000K, 29% used [0x00000000a2200000,0x00000000a3476578,0x00000000a6080000)
 PSPermGen       total 28160K, used 27820K [0x000000009d000000, 0x000000009eb80000, 0x00000000a2200000)
  object space 28160K, 98% used [0x000000009d000000,0x000000009eb2b2e8,0x000000009eb80000)
Event: 12.260 GC heap after
Heap after GC invocations=6 (full 0):
 PSYoungGen      total 209408K, used 11763K [0x00000000e0b00000, 0x00000000eec00000, 0x0000000100000000)
  eden space 197632K, 0% used [0x00000000e0b00000,0x00000000e0b00000,0x00000000ecc00000)
  from space 11776K, 99% used [0x00000000eda80000,0x00000000ee5fcf28,0x00000000ee600000)
  to   space 14848K, 0% used [0x00000000ecc00000,0x00000000ecc00000,0x00000000eda80000)
 ParOldGen       total 64000K, used 20675K [0x00000000a2200000, 0x00000000a6080000, 0x00000000e0b00000)
  object space 64000K, 32% used [0x00000000a2200000,0x00000000a3630e30,0x00000000a6080000)
 PSPermGen       total 28160K, used 27820K [0x000000009d000000, 0x000000009eb80000, 0x00000000a2200000)
  object space 28160K, 98% used [0x000000009d000000,0x000000009eb2b2e8,0x000000009eb80000)
}
Event: 18.143 GC heap before
{Heap before GC invocations=7 (full 0):
 PSYoungGen      total 209408K, used 209395K [0x00000000e0b00000, 0x00000000eec00000, 0x0000000100000000)
  eden space 197632K, 100% used [0x00000000e0b00000,0x00000000ecc00000,0x00000000ecc00000)
  from space 11776K, 99% used [0x00000000eda80000,0x00000000ee5fcf28,0x00000000ee600000)
  to   space 14848K, 0% used [0x00000000ecc00000,0x00000000ecc00000,0x00000000eda80000)
 ParOldGen       total 64000K, used 20675K [0x00000000a2200000, 0x00000000a6080000, 0x00000000e0b00000)
  object space 64000K, 32% used [0x00000000a2200000,0x00000000a3630e30,0x00000000a6080000)
 PSPermGen       total 40448K, used 40092K [0x000000009d000000, 0x000000009f780000, 0x00000000a2200000)
  object space 40448K, 99% used [0x000000009d000000,0x000000009f7270c8,0x000000009f780000)
Event: 18.193 GC heap after
Heap after GC invocations=7 (full 0):
 PSYoungGen      total 212480K, used 14844K [0x00000000e0b00000, 0x00000000fb600000, 0x0000000100000000)
  eden space 197632K, 0% used [0x00000000e0b00000,0x00000000e0b00000,0x00000000ecc00000)
  from space 14848K, 99% used [0x00000000ecc00000,0x00000000eda7f3b8,0x00000000eda80000)
  to   space 20992K, 0% used [0x00000000fa180000,0x00000000fa180000,0x00000000fb600000)
 ParOldGen       total 64000K, used 28042K [0x00000000a2200000, 0x00000000a6080000, 0x00000000e0b00000)
  object space 64000K, 43% used [0x00000000a2200000,0x00000000a3d62b10,0x00000000a6080000)
 PSPermGen       total 40448K, used 40092K [0x000000009d000000, 0x000000009f780000, 0x00000000a2200000)
  object space 40448K, 99% used [0x000000009d000000,0x000000009f7270c8,0x000000009f780000)
}
Event: 23.231 GC heap before
{Heap before GC invocations=8 (full 0):
 PSYoungGen      total 212480K, used 212476K [0x00000000e0b00000, 0x00000000fb600000, 0x0000000100000000)
  eden space 197632K, 100% used [0x00000000e0b00000,0x00000000ecc00000,0x00000000ecc00000)
  from space 14848K, 99% used [0x00000000ecc00000,0x00000000eda7f3b8,0x00000000eda80000)
  to   space 20992K, 0% used [0x00000000fa180000,0x00000000fa180000,0x00000000fb600000)
 ParOldGen       total 64000K, used 28042K [0x00000000a2200000, 0x00000000a6080000, 0x00000000e0b00000)
  object space 64000K, 43% used [0x00000000a2200000,0x00000000a3d62b10,0x00000000a6080000)
 PSPermGen       total 48640K, used 48233K [0x000000009d000000, 0x000000009ff80000, 0x00000000a2200000)
  object space 48640K, 99% used [0x000000009d000000,0x000000009ff1a690,0x000000009ff80000)
Event: 23.276 GC heap after
Heap after GC invocations=8 (full 0):
 PSYoungGen      total 414720K, used 16531K [0x00000000e0b00000, 0x00000000fb900000, 0x0000000100000000)
  eden space 393728K, 0% used [0x00000000e0b00000,0x00000000e0b00000,0x00000000f8b80000)
  from space 20992K, 78% used [0x00000000fa180000,0x00000000fb1a4ff0,0x00000000fb600000)
  to   space 22528K, 0% used [0x00000000f8b80000,0x00000000f8b80000,0x00000000fa180000)
 ParOldGen       total 64000K, used 29172K [0x00000000a2200000, 0x00000000a6080000, 0x00000000e0b00000)
  object space 64000K, 45% used [0x00000000a2200000,0x00000000a3e7d320,0x00000000a6080000)
 PSPermGen       total 48640K, used 48233K [0x000000009d000000, 0x000000009ff80000, 0x00000000a2200000)
  object space 48640K, 99% used [0x000000009d000000,0x000000009ff1a690,0x000000009ff80000)
}

