# JRE version: Java(TM) SE Runtime Environment (7.0_45-b18) (build 1.7.0_45-b18)
# Java VM: Java HotSpot(TM) 64-Bit Server VM (24.45-b08 mixed mode windows-amd64 compressed oops)
Heap
 PSYoungGen      total 638464K, used 97024K [0x00000007cb880000, 0x00000007fa580000, 0x0000000800000000)
  eden space 591360K, 14% used [0x00000007cb880000,0x00000007d0e82580,0x00000007efa00000)
  from space 47104K, 19% used [0x00000007efa00000,0x00000007f02bdd60,0x00000007f2800000)
  to   space 46080K, 0% used [0x00000007f7880000,0x00000007f7880000,0x00000007fa580000)
 ParOldGen       total 197120K, used 100792K [0x0000000762a00000, 0x000000076ea80000, 0x00000007cb880000)
  object space 197120K, 51% used [0x0000000762a00000,0x0000000768c6e168,0x000000076ea80000)
 PSPermGen       total 262144K, used 102065K [0x0000000752a00000, 0x0000000762a00000, 0x0000000762a00000)
  object space 262144K, 38% used [0x0000000752a00000,0x0000000758dac478,0x0000000762a00000)
GC Heap History (10 events):
Event: 89.481 GC heap before
{Heap before GC invocations=33 (full 1):
 PSYoungGen      total 502784K, used 460482K [0x00000007cb880000, 0x00000007f2600000, 0x0000000800000000)
  eden space 447488K, 100% used [0x00000007cb880000,0x00000007e6d80000,0x00000007e6d80000)
  from space 55296K, 23% used [0x00000007e6d80000,0x00000007e7a30850,0x00000007ea380000)
  to   space 53248K, 0% used [0x00000007ef200000,0x00000007ef200000,0x00000007f2600000)
 ParOldGen       total 129536K, used 91788K [0x0000000762a00000, 0x000000076a880000, 0x00000007cb880000)
  object space 129536K, 70% used [0x0000000762a00000,0x00000007683a31d8,0x000000076a880000)
 PSPermGen       total 262144K, used 75573K [0x0000000752a00000, 0x0000000762a00000, 0x0000000762a00000)
  object space 262144K, 28% used [0x0000000752a00000,0x00000007573cd6f0,0x0000000762a00000)
Event: 89.515 GC heap after
Heap after GC invocations=33 (full 1):
 PSYoungGen      total 574976K, used 9128K [0x00000007cb880000, 0x00000007f2100000, 0x0000000800000000)
  eden space 526848K, 0% used [0x00000007cb880000,0x00000007cb880000,0x00000007ebb00000)
  from space 48128K, 18% used [0x00000007ef200000,0x00000007efaea150,0x00000007f2100000)
  to   space 52224K, 0% used [0x00000007ebb00000,0x00000007ebb00000,0x00000007eee00000)
 ParOldGen       total 129536K, used 100286K [0x0000000762a00000, 0x000000076a880000, 0x00000007cb880000)
  object space 129536K, 77% used [0x0000000762a00000,0x0000000768befaa0,0x000000076a880000)
 PSPermGen       total 262144K, used 75573K [0x0000000752a00000, 0x0000000762a00000, 0x0000000762a00000)
  object space 262144K, 28% used [0x0000000752a00000,0x00000007573cd6f0,0x0000000762a00000)
}
Event: 95.420 GC heap before
{Heap before GC invocations=34 (full 1):
 PSYoungGen      total 574976K, used 535976K [0x00000007cb880000, 0x00000007f2100000, 0x0000000800000000)
  eden space 526848K, 100% used [0x00000007cb880000,0x00000007ebb00000,0x00000007ebb00000)
  from space 48128K, 18% used [0x00000007ef200000,0x00000007efaea150,0x00000007f2100000)
  to   space 52224K, 0% used [0x00000007ebb00000,0x00000007ebb00000,0x00000007eee00000)
 ParOldGen       total 129536K, used 100286K [0x0000000762a00000, 0x000000076a880000, 0x00000007cb880000)
  object space 129536K, 77% used [0x0000000762a00000,0x0000000768befaa0,0x000000076a880000)
 PSPermGen       total 262144K, used 82481K [0x0000000752a00000, 0x0000000762a00000, 0x0000000762a00000)
  object space 262144K, 31% used [0x0000000752a00000,0x0000000757a8c4e8,0x0000000762a00000)
Event: 95.458 GC heap after
Heap after GC invocations=34 (full 1):
 PSYoungGen      total 579072K, used 16079K [0x00000007cb880000, 0x00000007f6380000, 0x0000000800000000)
  eden space 526848K, 0% used [0x00000007cb880000,0x00000007cb880000,0x00000007ebb00000)
  from space 52224K, 30% used [0x00000007ebb00000,0x00000007ecab3ce8,0x00000007eee00000)
  to   space 49152K, 0% used [0x00000007f3380000,0x00000007f3380000,0x00000007f6380000)
 ParOldGen       total 129536K, used 106553K [0x0000000762a00000, 0x000000076a880000, 0x00000007cb880000)
  object space 129536K, 82% used [0x0000000762a00000,0x000000076920e7a0,0x000000076a880000)
 PSPermGen       total 262144K, used 82481K [0x0000000752a00000, 0x0000000762a00000, 0x0000000762a00000)
  object space 262144K, 31% used [0x0000000752a00000,0x0000000757a8c4e8,0x0000000762a00000)
}
Event: 423.914 GC heap before
{Heap before GC invocations=35 (full 1):
 PSYoungGen      total 579072K, used 542927K [0x00000007cb880000, 0x00000007f6380000, 0x0000000800000000)
  eden space 526848K, 100% used [0x00000007cb880000,0x00000007ebb00000,0x00000007ebb00000)
  from space 52224K, 30% used [0x00000007ebb00000,0x00000007ecab3ce8,0x00000007eee00000)
  to   space 49152K, 0% used [0x00000007f3380000,0x00000007f3380000,0x00000007f6380000)
 ParOldGen       total 129536K, used 106553K [0x0000000762a00000, 0x000000076a880000, 0x00000007cb880000)
  object space 129536K, 82% used [0x0000000762a00000,0x000000076920e7a0,0x000000076a880000)
 PSPermGen       total 262144K, used 95683K [0x0000000752a00000, 0x0000000762a00000, 0x0000000762a00000)
  object space 262144K, 36% used [0x0000000752a00000,0x0000000758770d68,0x0000000762a00000)
Event: 423.951 GC heap after
Heap after GC invocations=35 (full 1):
 PSYoungGen      total 626688K, used 16347K [0x00000007cb880000, 0x00000007f5600000, 0x0000000800000000)
  eden space 591360K, 0% used [0x00000007cb880000,0x00000007cb880000,0x00000007efa00000)
  from space 35328K, 46% used [0x00000007f3380000,0x00000007f4376ef0,0x00000007f5600000)
  to   space 47104K, 0% used [0x00000007efa00000,0x00000007efa00000,0x00000007f2800000)
 ParOldGen       total 129536K, used 118470K [0x0000000762a00000, 0x000000076a880000, 0x00000007cb880000)
  object space 129536K, 91% used [0x0000000762a00000,0x0000000769db19a0,0x000000076a880000)
 PSPermGen       total 262144K, used 95683K [0x0000000752a00000, 0x0000000762a00000, 0x0000000762a00000)
  object space 262144K, 36% used [0x0000000752a00000,0x0000000758770d68,0x0000000762a00000)
}
Event: 423.951 GC heap before
{Heap before GC invocations=36 (full 2):
 PSYoungGen      total 626688K, used 16347K [0x00000007cb880000, 0x00000007f5600000, 0x0000000800000000)
  eden space 591360K, 0% used [0x00000007cb880000,0x00000007cb880000,0x00000007efa00000)
  from space 35328K, 46% used [0x00000007f3380000,0x00000007f4376ef0,0x00000007f5600000)
  to   space 47104K, 0% used [0x00000007efa00000,0x00000007efa00000,0x00000007f2800000)
 ParOldGen       total 129536K, used 118470K [0x0000000762a00000, 0x000000076a880000, 0x00000007cb880000)
  object space 129536K, 91% used [0x0000000762a00000,0x0000000769db19a0,0x000000076a880000)
 PSPermGen       total 262144K, used 95683K [0x0000000752a00000, 0x0000000762a00000, 0x0000000762a00000)
  object space 262144K, 36% used [0x0000000752a00000,0x0000000758770d68,0x0000000762a00000)
Event: 424.341 GC heap after
Heap after GC invocations=36 (full 2):
 PSYoungGen      total 626688K, used 0K [0x00000007cb880000, 0x00000007f5600000, 0x0000000800000000)
  eden space 591360K, 0% used [0x00000007cb880000,0x00000007cb880000,0x00000007efa00000)
  from space 35328K, 0% used [0x00000007f3380000,0x00000007f3380000,0x00000007f5600000)
  to   space 47104K, 0% used [0x00000007efa00000,0x00000007efa00000,0x00000007f2800000)
 ParOldGen       total 197120K, used 100792K [0x0000000762a00000, 0x000000076ea80000, 0x00000007cb880000)
  object space 197120K, 51% used [0x0000000762a00000,0x0000000768c6e168,0x000000076ea80000)
 PSPermGen       total 262144K, used 95540K [0x0000000752a00000, 0x0000000762a00000, 0x0000000762a00000)
  object space 262144K, 36% used [0x0000000752a00000,0x000000075874d348,0x0000000762a00000)
}
Event: 579.694 GC heap before
{Heap before GC invocations=37 (full 2):
 PSYoungGen      total 626688K, used 591360K [0x00000007cb880000, 0x00000007f5600000, 0x0000000800000000)
  eden space 591360K, 100% used [0x00000007cb880000,0x00000007efa00000,0x00000007efa00000)
  from space 35328K, 0% used [0x00000007f3380000,0x00000007f3380000,0x00000007f5600000)
  to   space 47104K, 0% used [0x00000007efa00000,0x00000007efa00000,0x00000007f2800000)
 ParOldGen       total 197120K, used 100792K [0x0000000762a00000, 0x000000076ea80000, 0x00000007cb880000)
  object space 197120K, 51% used [0x0000000762a00000,0x0000000768c6e168,0x000000076ea80000)
 PSPermGen       total 262144K, used 101436K [0x0000000752a00000, 0x0000000762a00000, 0x0000000762a00000)
  object space 262144K, 38% used [0x0000000752a00000,0x0000000758d0f3d0,0x0000000762a00000)
Event: 579.728 GC heap after
Heap after GC invocations=37 (full 2):
 PSYoungGen      total 638464K, used 8951K [0x00000007cb880000, 0x00000007fa580000, 0x0000000800000000)
  eden space 591360K, 0% used [0x00000007cb880000,0x00000007cb880000,0x00000007efa00000)
  from space 47104K, 19% used [0x00000007efa00000,0x00000007f02bdd60,0x00000007f2800000)
  to   space 46080K, 0% used [0x00000007f7880000,0x00000007f7880000,0x00000007fa580000)
 ParOldGen       total 197120K, used 100792K [0x0000000762a00000, 0x000000076ea80000, 0x00000007cb880000)
  object space 197120K, 51% used [0x0000000762a00000,0x0000000768c6e168,0x000000076ea80000)
 PSPermGen       total 262144K, used 101436K [0x0000000752a00000, 0x0000000762a00000, 0x0000000762a00000)
  object space 262144K, 38% used [0x0000000752a00000,0x0000000758d0f3d0,0x0000000762a00000)
}

