# JRE version: Java(TM) SE Runtime Environment (7.0_45-b18) (build 1.7.0_45-b18)
# Java VM: Java HotSpot(TM) 64-Bit Server VM (24.45-b08 mixed mode windows-amd64 compressed oops)
Heap
 PSYoungGen      total 806912K, used 384940K [0x00000007cb880000, 0x0000000800000000, 0x0000000800000000)
  eden space 760320K, 45% used [0x00000007cb880000,0x00000007e0da0ef8,0x00000007f9f00000)
  from space 46592K, 76% used [0x00000007fcf80000,0x00000007ff24a3e0,0x00000007ffd00000)
  to   space 49664K, 0% used [0x00000007f9f00000,0x00000007f9f00000,0x00000007fcf80000)
 ParOldGen       total 151552K, used 61037K [0x0000000762a00000, 0x000000076be00000, 0x00000007cb880000)
  object space 151552K, 40% used [0x0000000762a00000,0x000000076659b488,0x000000076be00000)
 PSPermGen       total 262144K, used 91724K [0x0000000752a00000, 0x0000000762a00000, 0x0000000762a00000)
  object space 262144K, 34% used [0x0000000752a00000,0x0000000758393090,0x0000000762a00000)
GC Heap History (10 events):
Event: 35.737 GC heap before
{Heap before GC invocations=11 (full 0):
 PSYoungGen      total 534528K, used 526077K [0x00000007cb880000, 0x00000007eff00000, 0x0000000800000000)
  eden space 486400K, 100% used [0x00000007cb880000,0x00000007e9380000,0x00000007e9380000)
  from space 48128K, 82% used [0x00000007ec700000,0x00000007eedbf760,0x00000007ef600000)
  to   space 52736K, 0% used [0x00000007e9380000,0x00000007e9380000,0x00000007ec700000)
 ParOldGen       total 107008K, used 78613K [0x0000000762a00000, 0x0000000769280000, 0x00000007cb880000)
  object space 107008K, 73% used [0x0000000762a00000,0x00000007676c5660,0x0000000769280000)
 PSPermGen       total 262144K, used 56477K [0x0000000752a00000, 0x0000000762a00000, 0x0000000762a00000)
  object space 262144K, 21% used [0x0000000752a00000,0x0000000756127688,0x0000000762a00000)
Event: 35.794 GC heap after
Heap after GC invocations=11 (full 0):
 PSYoungGen      total 539136K, used 14120K [0x00000007cb880000, 0x0000000800000000, 0x0000000800000000)
  eden space 486400K, 0% used [0x00000007cb880000,0x00000007cb880000,0x00000007e9380000)
  from space 52736K, 26% used [0x00000007e9380000,0x00000007ea14a240,0x00000007ec700000)
  to   space 50688K, 0% used [0x00000007fce80000,0x00000007fce80000,0x0000000800000000)
 ParOldGen       total 110592K, used 109881K [0x0000000762a00000, 0x0000000769600000, 0x00000007cb880000)
  object space 110592K, 99% used [0x0000000762a00000,0x000000076954e568,0x0000000769600000)
 PSPermGen       total 262144K, used 56477K [0x0000000752a00000, 0x0000000762a00000, 0x0000000762a00000)
  object space 262144K, 21% used [0x0000000752a00000,0x0000000756127688,0x0000000762a00000)
}
Event: 35.794 GC heap before
{Heap before GC invocations=12 (full 1):
 PSYoungGen      total 539136K, used 14120K [0x00000007cb880000, 0x0000000800000000, 0x0000000800000000)
  eden space 486400K, 0% used [0x00000007cb880000,0x00000007cb880000,0x00000007e9380000)
  from space 52736K, 26% used [0x00000007e9380000,0x00000007ea14a240,0x00000007ec700000)
  to   space 50688K, 0% used [0x00000007fce80000,0x00000007fce80000,0x0000000800000000)
 ParOldGen       total 110592K, used 109881K [0x0000000762a00000, 0x0000000769600000, 0x00000007cb880000)
  object space 110592K, 99% used [0x0000000762a00000,0x000000076954e568,0x0000000769600000)
 PSPermGen       total 262144K, used 56477K [0x0000000752a00000, 0x0000000762a00000, 0x0000000762a00000)
  object space 262144K, 21% used [0x0000000752a00000,0x0000000756127688,0x0000000762a00000)
Event: 36.230 GC heap after
Heap after GC invocations=12 (full 1):
 PSYoungGen      total 539136K, used 0K [0x00000007cb880000, 0x0000000800000000, 0x0000000800000000)
  eden space 486400K, 0% used [0x00000007cb880000,0x00000007cb880000,0x00000007e9380000)
  from space 52736K, 0% used [0x00000007e9380000,0x00000007e9380000,0x00000007ec700000)
  to   space 50688K, 0% used [0x00000007fce80000,0x00000007fce80000,0x0000000800000000)
 ParOldGen       total 151552K, used 61021K [0x0000000762a00000, 0x000000076be00000, 0x00000007cb880000)
  object space 151552K, 40% used [0x0000000762a00000,0x0000000766597488,0x000000076be00000)
 PSPermGen       total 262144K, used 55818K [0x0000000752a00000, 0x0000000762a00000, 0x0000000762a00000)
  object space 262144K, 21% used [0x0000000752a00000,0x0000000756082900,0x0000000762a00000)
}
Event: 41.474 GC heap before
{Heap before GC invocations=13 (full 1):
 PSYoungGen      total 539136K, used 486400K [0x00000007cb880000, 0x0000000800000000, 0x0000000800000000)
  eden space 486400K, 100% used [0x00000007cb880000,0x00000007e9380000,0x00000007e9380000)
  from space 52736K, 0% used [0x00000007e9380000,0x00000007e9380000,0x00000007ec700000)
  to   space 50688K, 0% used [0x00000007fce80000,0x00000007fce80000,0x0000000800000000)
 ParOldGen       total 151552K, used 61021K [0x0000000762a00000, 0x000000076be00000, 0x00000007cb880000)
  object space 151552K, 40% used [0x0000000762a00000,0x0000000766597488,0x000000076be00000)
 PSPermGen       total 262144K, used 66277K [0x0000000752a00000, 0x0000000762a00000, 0x0000000762a00000)
  object space 262144K, 25% used [0x0000000752a00000,0x0000000756ab9488,0x0000000762a00000)
Event: 41.490 GC heap after
Heap after GC invocations=13 (full 1):
 PSYoungGen      total 627712K, used 13577K [0x00000007cb880000, 0x00000007fdc00000, 0x0000000800000000)
  eden space 613888K, 0% used [0x00000007cb880000,0x00000007cb880000,0x00000007f1000000)
  from space 13824K, 98% used [0x00000007fce80000,0x00000007fdbc2560,0x00000007fdc00000)
  to   space 49152K, 0% used [0x00000007f7c00000,0x00000007f7c00000,0x00000007fac00000)
 ParOldGen       total 151552K, used 61021K [0x0000000762a00000, 0x000000076be00000, 0x00000007cb880000)
  object space 151552K, 40% used [0x0000000762a00000,0x0000000766597488,0x000000076be00000)
 PSPermGen       total 262144K, used 66277K [0x0000000752a00000, 0x0000000762a00000, 0x0000000762a00000)
  object space 262144K, 25% used [0x0000000752a00000,0x0000000756ab9488,0x0000000762a00000)
}
Event: 48.708 GC heap before
{Heap before GC invocations=14 (full 1):
 PSYoungGen      total 627712K, used 627465K [0x00000007cb880000, 0x00000007fdc00000, 0x0000000800000000)
  eden space 613888K, 100% used [0x00000007cb880000,0x00000007f1000000,0x00000007f1000000)
  from space 13824K, 98% used [0x00000007fce80000,0x00000007fdbc2560,0x00000007fdc00000)
  to   space 49152K, 0% used [0x00000007f7c00000,0x00000007f7c00000,0x00000007fac00000)
 ParOldGen       total 151552K, used 61021K [0x0000000762a00000, 0x000000076be00000, 0x00000007cb880000)
  object space 151552K, 40% used [0x0000000762a00000,0x0000000766597488,0x000000076be00000)
 PSPermGen       total 262144K, used 75827K [0x0000000752a00000, 0x0000000762a00000, 0x0000000762a00000)
  object space 262144K, 28% used [0x0000000752a00000,0x000000075740cf50,0x0000000762a00000)
Event: 48.743 GC heap after
Heap after GC invocations=14 (full 1):
 PSYoungGen      total 773632K, used 19995K [0x00000007cb880000, 0x00000007ffd00000, 0x0000000800000000)
  eden space 724480K, 0% used [0x00000007cb880000,0x00000007cb880000,0x00000007f7c00000)
  from space 49152K, 40% used [0x00000007f7c00000,0x00000007f8f86c48,0x00000007fac00000)
  to   space 46592K, 0% used [0x00000007fcf80000,0x00000007fcf80000,0x00000007ffd00000)
 ParOldGen       total 151552K, used 61029K [0x0000000762a00000, 0x000000076be00000, 0x00000007cb880000)
  object space 151552K, 40% used [0x0000000762a00000,0x0000000766599488,0x000000076be00000)
 PSPermGen       total 262144K, used 75827K [0x0000000752a00000, 0x0000000762a00000, 0x0000000762a00000)
  object space 262144K, 28% used [0x0000000752a00000,0x000000075740cf50,0x0000000762a00000)
}
Event: 644.679 GC heap before
{Heap before GC invocations=15 (full 1):
 PSYoungGen      total 773632K, used 744475K [0x00000007cb880000, 0x00000007ffd00000, 0x0000000800000000)
  eden space 724480K, 100% used [0x00000007cb880000,0x00000007f7c00000,0x00000007f7c00000)
  from space 49152K, 40% used [0x00000007f7c00000,0x00000007f8f86c48,0x00000007fac00000)
  to   space 46592K, 0% used [0x00000007fcf80000,0x00000007fcf80000,0x00000007ffd00000)
 ParOldGen       total 151552K, used 61029K [0x0000000762a00000, 0x000000076be00000, 0x00000007cb880000)
  object space 151552K, 40% used [0x0000000762a00000,0x0000000766599488,0x000000076be00000)
 PSPermGen       total 262144K, used 89118K [0x0000000752a00000, 0x0000000762a00000, 0x0000000762a00000)
  object space 262144K, 33% used [0x0000000752a00000,0x0000000758107a40,0x0000000762a00000)
Event: 644.734 GC heap after
Heap after GC invocations=15 (full 1):
 PSYoungGen      total 806912K, used 35624K [0x00000007cb880000, 0x0000000800000000, 0x0000000800000000)
  eden space 760320K, 0% used [0x00000007cb880000,0x00000007cb880000,0x00000007f9f00000)
  from space 46592K, 76% used [0x00000007fcf80000,0x00000007ff24a3e0,0x00000007ffd00000)
  to   space 49664K, 0% used [0x00000007f9f00000,0x00000007f9f00000,0x00000007fcf80000)
 ParOldGen       total 151552K, used 61037K [0x0000000762a00000, 0x000000076be00000, 0x00000007cb880000)
  object space 151552K, 40% used [0x0000000762a00000,0x000000076659b488,0x000000076be00000)
 PSPermGen       total 262144K, used 89118K [0x0000000752a00000, 0x0000000762a00000, 0x0000000762a00000)
  object space 262144K, 33% used [0x0000000752a00000,0x0000000758107a40,0x0000000762a00000)
}

