# JRE version: Java(TM) SE Runtime Environment (7.0_45-b18) (build 1.7.0_45-b18)
# Java VM: Java HotSpot(TM) 64-Bit Server VM (24.45-b08 mixed mode windows-amd64 compressed oops)
Heap
 PSYoungGen      total 315904K, used 86091K [0x00000007cb880000, 0x00000007e0400000, 0x0000000800000000)
  eden space 294400K, 26% used [0x00000007cb880000,0x00000007d05f1748,0x00000007dd800000)
  from space 21504K, 31% used [0x00000007def00000,0x00000007df5a15f0,0x00000007e0400000)
  to   space 22528K, 0% used [0x00000007dd800000,0x00000007dd800000,0x00000007dee00000)
 ParOldGen       total 107008K, used 68918K [0x0000000762a00000, 0x0000000769280000, 0x00000007cb880000)
  object space 107008K, 64% used [0x0000000762a00000,0x0000000766d4d880,0x0000000769280000)
 PSPermGen       total 262144K, used 51911K [0x0000000752a00000, 0x0000000762a00000, 0x0000000762a00000)
  object space 262144K, 19% used [0x0000000752a00000,0x0000000755cb1ea8,0x0000000762a00000)
GC Heap History (10 events):
Event: 45.589 GC heap before
{Heap before GC invocations=10 (full 0):
 PSYoungGen      total 79872K, used 79511K [0x00000007cb880000, 0x00000007d6000000, 0x0000000800000000)
  eden space 71680K, 100% used [0x00000007cb880000,0x00000007cfe80000,0x00000007cfe80000)
  from space 8192K, 95% used [0x00000007d3480000,0x00000007d3c25d40,0x00000007d3c80000)
  to   space 25088K, 0% used [0x00000007d4780000,0x00000007d4780000,0x00000007d6000000)
 ParOldGen       total 107008K, used 52589K [0x0000000762a00000, 0x0000000769280000, 0x00000007cb880000)
  object space 107008K, 49% used [0x0000000762a00000,0x0000000765d5b598,0x0000000769280000)
 PSPermGen       total 262144K, used 31005K [0x0000000752a00000, 0x0000000762a00000, 0x0000000762a00000)
  object space 262144K, 11% used [0x0000000752a00000,0x0000000754847468,0x0000000762a00000)
Event: 45.614 GC heap after
Heap after GC invocations=10 (full 0):
 PSYoungGen      total 132096K, used 7685K [0x00000007cb880000, 0x00000007d5880000, 0x0000000800000000)
  eden space 114688K, 0% used [0x00000007cb880000,0x00000007cb880000,0x00000007d2880000)
  from space 17408K, 44% used [0x00000007d4780000,0x00000007d4f01540,0x00000007d5880000)
  to   space 24576K, 0% used [0x00000007d2880000,0x00000007d2880000,0x00000007d4080000)
 ParOldGen       total 107008K, used 54961K [0x0000000762a00000, 0x0000000769280000, 0x00000007cb880000)
  object space 107008K, 51% used [0x0000000762a00000,0x0000000765fac5f8,0x0000000769280000)
 PSPermGen       total 262144K, used 31005K [0x0000000752a00000, 0x0000000762a00000, 0x0000000762a00000)
  object space 262144K, 11% used [0x0000000752a00000,0x0000000754847468,0x0000000762a00000)
}
Event: 48.126 GC heap before
{Heap before GC invocations=11 (full 0):
 PSYoungGen      total 132096K, used 122373K [0x00000007cb880000, 0x00000007d5880000, 0x0000000800000000)
  eden space 114688K, 100% used [0x00000007cb880000,0x00000007d2880000,0x00000007d2880000)
  from space 17408K, 44% used [0x00000007d4780000,0x00000007d4f01540,0x00000007d5880000)
  to   space 24576K, 0% used [0x00000007d2880000,0x00000007d2880000,0x00000007d4080000)
 ParOldGen       total 107008K, used 54961K [0x0000000762a00000, 0x0000000769280000, 0x00000007cb880000)
  object space 107008K, 51% used [0x0000000762a00000,0x0000000765fac5f8,0x0000000769280000)
 PSPermGen       total 262144K, used 34181K [0x0000000752a00000, 0x0000000762a00000, 0x0000000762a00000)
  object space 262144K, 13% used [0x0000000752a00000,0x0000000754b617c0,0x0000000762a00000)
Event: 48.138 GC heap after
Heap after GC invocations=11 (full 0):
 PSYoungGen      total 139264K, used 3592K [0x00000007cb880000, 0x00000007d9d00000, 0x0000000800000000)
  eden space 114688K, 0% used [0x00000007cb880000,0x00000007cb880000,0x00000007d2880000)
  from space 24576K, 14% used [0x00000007d2880000,0x00000007d2c02158,0x00000007d4080000)
  to   space 25088K, 0% used [0x00000007d8480000,0x00000007d8480000,0x00000007d9d00000)
 ParOldGen       total 107008K, used 60111K [0x0000000762a00000, 0x0000000769280000, 0x00000007cb880000)
  object space 107008K, 56% used [0x0000000762a00000,0x00000007664b3d98,0x0000000769280000)
 PSPermGen       total 262144K, used 34181K [0x0000000752a00000, 0x0000000762a00000, 0x0000000762a00000)
  object space 262144K, 13% used [0x0000000752a00000,0x0000000754b617c0,0x0000000762a00000)
}
Event: 53.770 GC heap before
{Heap before GC invocations=12 (full 0):
 PSYoungGen      total 139264K, used 118280K [0x00000007cb880000, 0x00000007d9d00000, 0x0000000800000000)
  eden space 114688K, 100% used [0x00000007cb880000,0x00000007d2880000,0x00000007d2880000)
  from space 24576K, 14% used [0x00000007d2880000,0x00000007d2c02158,0x00000007d4080000)
  to   space 25088K, 0% used [0x00000007d8480000,0x00000007d8480000,0x00000007d9d00000)
 ParOldGen       total 107008K, used 60111K [0x0000000762a00000, 0x0000000769280000, 0x00000007cb880000)
  object space 107008K, 56% used [0x0000000762a00000,0x00000007664b3d98,0x0000000769280000)
 PSPermGen       total 262144K, used 39131K [0x0000000752a00000, 0x0000000762a00000, 0x0000000762a00000)
  object space 262144K, 14% used [0x0000000752a00000,0x0000000755036c38,0x0000000762a00000)
Event: 53.779 GC heap after
Heap after GC invocations=12 (full 0):
 PSYoungGen      total 206848K, used 6897K [0x00000007cb880000, 0x00000007d9b00000, 0x0000000800000000)
  eden space 183808K, 0% used [0x00000007cb880000,0x00000007cb880000,0x00000007d6c00000)
  from space 23040K, 29% used [0x00000007d8480000,0x00000007d8b3c710,0x00000007d9b00000)
  to   space 24064K, 0% used [0x00000007d6c00000,0x00000007d6c00000,0x00000007d8380000)
 ParOldGen       total 107008K, used 62739K [0x0000000762a00000, 0x0000000769280000, 0x00000007cb880000)
  object space 107008K, 58% used [0x0000000762a00000,0x0000000766744ef8,0x0000000769280000)
 PSPermGen       total 262144K, used 39131K [0x0000000752a00000, 0x0000000762a00000, 0x0000000762a00000)
  object space 262144K, 14% used [0x0000000752a00000,0x0000000755036c38,0x0000000762a00000)
}
Event: 57.279 GC heap before
{Heap before GC invocations=13 (full 0):
 PSYoungGen      total 206848K, used 190705K [0x00000007cb880000, 0x00000007d9b00000, 0x0000000800000000)
  eden space 183808K, 100% used [0x00000007cb880000,0x00000007d6c00000,0x00000007d6c00000)
  from space 23040K, 29% used [0x00000007d8480000,0x00000007d8b3c710,0x00000007d9b00000)
  to   space 24064K, 0% used [0x00000007d6c00000,0x00000007d6c00000,0x00000007d8380000)
 ParOldGen       total 107008K, used 62739K [0x0000000762a00000, 0x0000000769280000, 0x00000007cb880000)
  object space 107008K, 58% used [0x0000000762a00000,0x0000000766744ef8,0x0000000769280000)
 PSPermGen       total 262144K, used 46174K [0x0000000752a00000, 0x0000000762a00000, 0x0000000762a00000)
  object space 262144K, 17% used [0x0000000752a00000,0x0000000755717b90,0x0000000762a00000)
Event: 57.294 GC heap after
Heap after GC invocations=13 (full 0):
 PSYoungGen      total 207872K, used 8889K [0x00000007cb880000, 0x00000007e0600000, 0x0000000800000000)
  eden space 183808K, 0% used [0x00000007cb880000,0x00000007cb880000,0x00000007d6c00000)
  from space 24064K, 36% used [0x00000007d6c00000,0x00000007d74ae4e0,0x00000007d8380000)
  to   space 23552K, 0% used [0x00000007def00000,0x00000007def00000,0x00000007e0600000)
 ParOldGen       total 107008K, used 65950K [0x0000000762a00000, 0x0000000769280000, 0x00000007cb880000)
  object space 107008K, 61% used [0x0000000762a00000,0x0000000766a67b00,0x0000000769280000)
 PSPermGen       total 262144K, used 46174K [0x0000000752a00000, 0x0000000762a00000, 0x0000000762a00000)
  object space 262144K, 17% used [0x0000000752a00000,0x0000000755717b90,0x0000000762a00000)
}
Event: 62.231 GC heap before
{Heap before GC invocations=14 (full 0):
 PSYoungGen      total 207872K, used 192697K [0x00000007cb880000, 0x00000007e0600000, 0x0000000800000000)
  eden space 183808K, 100% used [0x00000007cb880000,0x00000007d6c00000,0x00000007d6c00000)
  from space 24064K, 36% used [0x00000007d6c00000,0x00000007d74ae4e0,0x00000007d8380000)
  to   space 23552K, 0% used [0x00000007def00000,0x00000007def00000,0x00000007e0600000)
 ParOldGen       total 107008K, used 65950K [0x0000000762a00000, 0x0000000769280000, 0x00000007cb880000)
  object space 107008K, 61% used [0x0000000762a00000,0x0000000766a67b00,0x0000000769280000)
 PSPermGen       total 262144K, used 50408K [0x0000000752a00000, 0x0000000762a00000, 0x0000000762a00000)
  object space 262144K, 19% used [0x0000000752a00000,0x0000000755b3a240,0x0000000762a00000)
Event: 62.243 GC heap after
Heap after GC invocations=14 (full 0):
 PSYoungGen      total 315904K, used 6789K [0x00000007cb880000, 0x00000007e0400000, 0x0000000800000000)
  eden space 294400K, 0% used [0x00000007cb880000,0x00000007cb880000,0x00000007dd800000)
  from space 21504K, 31% used [0x00000007def00000,0x00000007df5a15f0,0x00000007e0400000)
  to   space 22528K, 0% used [0x00000007dd800000,0x00000007dd800000,0x00000007dee00000)
 ParOldGen       total 107008K, used 68918K [0x0000000762a00000, 0x0000000769280000, 0x00000007cb880000)
  object space 107008K, 64% used [0x0000000762a00000,0x0000000766d4d880,0x0000000769280000)
 PSPermGen       total 262144K, used 50408K [0x0000000752a00000, 0x0000000762a00000, 0x0000000762a00000)
  object space 262144K, 19% used [0x0000000752a00000,0x0000000755b3a240,0x0000000762a00000)
}

