# JRE version: Java(TM) SE Runtime Environment (7.0_45-b18) (build 1.7.0_45-b18)
# Java VM: Java HotSpot(TM) 64-Bit Server VM (24.45-b08 mixed mode windows-amd64 compressed oops)
Heap
 PSYoungGen      total 338944K, used 286395K [0x00000007cb880000, 0x00000007e1b80000, 0x0000000800000000)
  eden space 317440K, 84% used [0x00000007cb880000,0x00000007dbf67c20,0x00000007dee80000)
  from space 21504K, 79% used [0x00000007e0480000,0x00000007e1547018,0x00000007e1980000)
  to   space 22528K, 0% used [0x00000007dee80000,0x00000007dee80000,0x00000007e0480000)
 ParOldGen       total 107008K, used 21445K [0x0000000762a00000, 0x0000000769280000, 0x00000007cb880000)
  object space 107008K, 20% used [0x0000000762a00000,0x0000000763ef1790,0x0000000769280000)
 PSPermGen       total 61440K, used 60983K [0x000000075d800000, 0x0000000761400000, 0x0000000762a00000)
  object space 61440K, 99% used [0x000000075d800000,0x000000076138ddb0,0x0000000761400000)
GC Heap History (10 events):
Event: 2.708 GC heap before
{Heap before GC invocations=4 (full 0):
 PSYoungGen      total 47104K, used 47096K [0x00000007cb880000, 0x00000007d1480000, 0x0000000800000000)
  eden space 40448K, 100% used [0x00000007cb880000,0x00000007ce000000,0x00000007ce000000)
  from space 6656K, 99% used [0x00000007ce000000,0x00000007ce67e010,0x00000007ce680000)
  to   space 6656K, 0% used [0x00000007d0e00000,0x00000007d0e00000,0x00000007d1480000)
 ParOldGen       total 107008K, used 3345K [0x0000000762a00000, 0x0000000769280000, 0x00000007cb880000)
  object space 107008K, 3% used [0x0000000762a00000,0x0000000762d445f0,0x0000000769280000)
 PSPermGen       total 21504K, used 14532K [0x000000075d800000, 0x000000075ed00000, 0x0000000762a00000)
  object space 21504K, 67% used [0x000000075d800000,0x000000075e6312e8,0x000000075ed00000)
Event: 2.716 GC heap after
Heap after GC invocations=4 (full 0):
 PSYoungGen      total 87552K, used 6632K [0x00000007cb880000, 0x00000007d1480000, 0x0000000800000000)
  eden space 80896K, 0% used [0x00000007cb880000,0x00000007cb880000,0x00000007d0780000)
  from space 6656K, 99% used [0x00000007d0e00000,0x00000007d147a040,0x00000007d1480000)
  to   space 6656K, 0% used [0x00000007d0780000,0x00000007d0780000,0x00000007d0e00000)
 ParOldGen       total 107008K, used 5430K [0x0000000762a00000, 0x0000000769280000, 0x00000007cb880000)
  object space 107008K, 5% used [0x0000000762a00000,0x0000000762f4db60,0x0000000769280000)
 PSPermGen       total 21504K, used 14532K [0x000000075d800000, 0x000000075ed00000, 0x0000000762a00000)
  object space 21504K, 67% used [0x000000075d800000,0x000000075e6312e8,0x000000075ed00000)
}
Event: 3.913 GC heap before
{Heap before GC invocations=5 (full 0):
 PSYoungGen      total 87552K, used 87528K [0x00000007cb880000, 0x00000007d1480000, 0x0000000800000000)
  eden space 80896K, 100% used [0x00000007cb880000,0x00000007d0780000,0x00000007d0780000)
  from space 6656K, 99% used [0x00000007d0e00000,0x00000007d147a040,0x00000007d1480000)
  to   space 6656K, 0% used [0x00000007d0780000,0x00000007d0780000,0x00000007d0e00000)
 ParOldGen       total 107008K, used 5430K [0x0000000762a00000, 0x0000000769280000, 0x00000007cb880000)
  object space 107008K, 5% used [0x0000000762a00000,0x0000000762f4db60,0x0000000769280000)
 PSPermGen       total 21504K, used 19851K [0x000000075d800000, 0x000000075ed00000, 0x0000000762a00000)
  object space 21504K, 92% used [0x000000075d800000,0x000000075eb62df0,0x000000075ed00000)
Event: 3.927 GC heap after
Heap after GC invocations=5 (full 0):
 PSYoungGen      total 87552K, used 6632K [0x00000007cb880000, 0x00000007d7080000, 0x0000000800000000)
  eden space 80896K, 0% used [0x00000007cb880000,0x00000007cb880000,0x00000007d0780000)
  from space 6656K, 99% used [0x00000007d0780000,0x00000007d0dfa020,0x00000007d0e00000)
  to   space 13312K, 0% used [0x00000007d6380000,0x00000007d6380000,0x00000007d7080000)
 ParOldGen       total 107008K, used 12396K [0x0000000762a00000, 0x0000000769280000, 0x00000007cb880000)
  object space 107008K, 11% used [0x0000000762a00000,0x000000076361b078,0x0000000769280000)
 PSPermGen       total 21504K, used 19851K [0x000000075d800000, 0x000000075ed00000, 0x0000000762a00000)
  object space 21504K, 92% used [0x000000075d800000,0x000000075eb62df0,0x000000075ed00000)
}
Event: 5.092 GC heap before
{Heap before GC invocations=6 (full 0):
 PSYoungGen      total 87552K, used 87528K [0x00000007cb880000, 0x00000007d7080000, 0x0000000800000000)
  eden space 80896K, 100% used [0x00000007cb880000,0x00000007d0780000,0x00000007d0780000)
  from space 6656K, 99% used [0x00000007d0780000,0x00000007d0dfa020,0x00000007d0e00000)
  to   space 13312K, 0% used [0x00000007d6380000,0x00000007d6380000,0x00000007d7080000)
 ParOldGen       total 107008K, used 12396K [0x0000000762a00000, 0x0000000769280000, 0x00000007cb880000)
  object space 107008K, 11% used [0x0000000762a00000,0x000000076361b078,0x0000000769280000)
 PSPermGen       total 26624K, used 26526K [0x000000075d800000, 0x000000075f200000, 0x0000000762a00000)
  object space 26624K, 99% used [0x000000075d800000,0x000000075f1e7a50,0x000000075f200000)
Event: 5.107 GC heap after
Heap after GC invocations=6 (full 0):
 PSYoungGen      total 172544K, used 13307K [0x00000007cb880000, 0x00000007d7580000, 0x0000000800000000)
  eden space 159232K, 0% used [0x00000007cb880000,0x00000007cb880000,0x00000007d5400000)
  from space 13312K, 99% used [0x00000007d6380000,0x00000007d707efb0,0x00000007d7080000)
  to   space 15872K, 0% used [0x00000007d5400000,0x00000007d5400000,0x00000007d6380000)
 ParOldGen       total 107008K, used 14116K [0x0000000762a00000, 0x0000000769280000, 0x00000007cb880000)
  object space 107008K, 13% used [0x0000000762a00000,0x00000007637c9350,0x0000000769280000)
 PSPermGen       total 26624K, used 26526K [0x000000075d800000, 0x000000075f200000, 0x0000000762a00000)
  object space 26624K, 99% used [0x000000075d800000,0x000000075f1e7a50,0x000000075f200000)
}
Event: 6.832 GC heap before
{Heap before GC invocations=7 (full 0):
 PSYoungGen      total 172544K, used 172539K [0x00000007cb880000, 0x00000007d7580000, 0x0000000800000000)
  eden space 159232K, 100% used [0x00000007cb880000,0x00000007d5400000,0x00000007d5400000)
  from space 13312K, 99% used [0x00000007d6380000,0x00000007d707efb0,0x00000007d7080000)
  to   space 15872K, 0% used [0x00000007d5400000,0x00000007d5400000,0x00000007d6380000)
 ParOldGen       total 107008K, used 14116K [0x0000000762a00000, 0x0000000769280000, 0x00000007cb880000)
  object space 107008K, 13% used [0x0000000762a00000,0x00000007637c9350,0x0000000769280000)
 PSPermGen       total 37888K, used 37651K [0x000000075d800000, 0x000000075fd00000, 0x0000000762a00000)
  object space 37888K, 99% used [0x000000075d800000,0x000000075fcc4e10,0x000000075fd00000)
Event: 6.855 GC heap after
Heap after GC invocations=7 (full 0):
 PSYoungGen      total 175104K, used 15857K [0x00000007cb880000, 0x00000007e1980000, 0x0000000800000000)
  eden space 159232K, 0% used [0x00000007cb880000,0x00000007cb880000,0x00000007d5400000)
  from space 15872K, 99% used [0x00000007d5400000,0x00000007d637c7b0,0x00000007d6380000)
  to   space 21504K, 0% used [0x00000007e0480000,0x00000007e0480000,0x00000007e1980000)
 ParOldGen       total 107008K, used 20549K [0x0000000762a00000, 0x0000000769280000, 0x00000007cb880000)
  object space 107008K, 19% used [0x0000000762a00000,0x0000000763e11790,0x0000000769280000)
 PSPermGen       total 37888K, used 37651K [0x000000075d800000, 0x000000075fd00000, 0x0000000762a00000)
  object space 37888K, 99% used [0x000000075d800000,0x000000075fcc4e10,0x000000075fd00000)
}
Event: 8.945 GC heap before
{Heap before GC invocations=8 (full 0):
 PSYoungGen      total 175104K, used 175089K [0x00000007cb880000, 0x00000007e1980000, 0x0000000800000000)
  eden space 159232K, 100% used [0x00000007cb880000,0x00000007d5400000,0x00000007d5400000)
  from space 15872K, 99% used [0x00000007d5400000,0x00000007d637c7b0,0x00000007d6380000)
  to   space 21504K, 0% used [0x00000007e0480000,0x00000007e0480000,0x00000007e1980000)
 ParOldGen       total 107008K, used 20549K [0x0000000762a00000, 0x0000000769280000, 0x00000007cb880000)
  object space 107008K, 19% used [0x0000000762a00000,0x0000000763e11790,0x0000000769280000)
 PSPermGen       total 47616K, used 47535K [0x000000075d800000, 0x0000000760680000, 0x0000000762a00000)
  object space 47616K, 99% used [0x000000075d800000,0x000000076066bf28,0x0000000760680000)
Event: 8.965 GC heap after
Heap after GC invocations=8 (full 0):
 PSYoungGen      total 338944K, used 17180K [0x00000007cb880000, 0x00000007e1b80000, 0x0000000800000000)
  eden space 317440K, 0% used [0x00000007cb880000,0x00000007cb880000,0x00000007dee80000)
  from space 21504K, 79% used [0x00000007e0480000,0x00000007e1547018,0x00000007e1980000)
  to   space 22528K, 0% used [0x00000007dee80000,0x00000007dee80000,0x00000007e0480000)
 ParOldGen       total 107008K, used 21445K [0x0000000762a00000, 0x0000000769280000, 0x00000007cb880000)
  object space 107008K, 20% used [0x0000000762a00000,0x0000000763ef1790,0x0000000769280000)
 PSPermGen       total 47616K, used 47535K [0x000000075d800000, 0x0000000760680000, 0x0000000762a00000)
  object space 47616K, 99% used [0x000000075d800000,0x000000076066bf28,0x0000000760680000)
}

