# JRE version: 7.0_10-b18
# Java VM: Java HotSpot(TM) Client VM (23.6-b04 mixed mode windows-x86 )
Heap
 def new generation   total 20352K, used 247K [0x048f0000, 0x05f00000, 0x09e40000)
  eden space 18112K,   1% used [0x048f0000, 0x0492dd98, 0x05aa0000)
  from space 2240K,   0% used [0x05aa0000, 0x05aa0000, 0x05cd0000)
  to   space 2240K,   0% used [0x05cd0000, 0x05cd0000, 0x05f00000)
 tenured generation   total 45052K, used 27030K [0x09e40000, 0x0ca3f000, 0x148f0000)
   the space 45052K,  59% used [0x09e40000, 0x0b8a58e0, 0x0b8a5a00, 0x0ca3f000)
 compacting perm gen  total 17408K, used 17188K [0x148f0000, 0x159f0000, 0x188f0000)
   the space 17408K,  98% used [0x148f0000, 0x159b9060, 0x159b9200, 0x159f0000)
GC Heap History (10 events):
Event: 13.495 GC heap before
{Heap before GC invocations=59 (full 3):
 def new generation   total 16576K, used 16167K [0x048f0000, 0x05ae0000, 0x09e40000)
  eden space 14784K,  99% used [0x048f0000, 0x0575d178, 0x05760000)
  from space 1792K,  77% used [0x05920000, 0x05a7cd28, 0x05ae0000)
  to   space 1792K,   0% used [0x05760000, 0x05760000, 0x05920000)
 tenured generation   total 36668K, used 27010K [0x09e40000, 0x0c20f000, 0x148f0000)
   the space 36668K,  73% used [0x09e40000, 0x0b8a0ac8, 0x0b8a0c00, 0x0c20f000)
 compacting perm gen  total 17152K, used 16918K [0x148f0000, 0x159b0000, 0x188f0000)
   the space 17152K,  98% used [0x148f0000, 0x15975bf8, 0x15975c00, 0x159b0000)
No shared spaces configured.
Event: 13.506 GC heap after
Heap after GC invocations=60 (full 3):
 def new generation   total 16576K, used 1792K [0x048f0000, 0x05ae0000, 0x09e40000)
  eden space 14784K,   0% used [0x048f0000, 0x048f0000, 0x05760000)
  from space 1792K, 100% used [0x05760000, 0x05920000, 0x05920000)
  to   space 1792K,   0% used [0x05920000, 0x05920000, 0x05ae0000)
 tenured generation   total 36668K, used 27683K [0x09e40000, 0x0c20f000, 0x148f0000)
   the space 36668K,  75% used [0x09e40000, 0x0b948d90, 0x0b948e00, 0x0c20f000)
 compacting perm gen  total 17152K, used 16918K [0x148f0000, 0x159b0000, 0x188f0000)
   the space 17152K,  98% used [0x148f0000, 0x15975bf8, 0x15975c00, 0x159b0000)
No shared spaces configured.
}
Event: 13.785 GC heap before
{Heap before GC invocations=60 (full 3):
 def new generation   total 16576K, used 16576K [0x048f0000, 0x05ae0000, 0x09e40000)
  eden space 14784K, 100% used [0x048f0000, 0x05760000, 0x05760000)
  from space 1792K, 100% used [0x05760000, 0x05920000, 0x05920000)
  to   space 1792K,   0% used [0x05920000, 0x05920000, 0x05ae0000)
 tenured generation   total 36668K, used 27683K [0x09e40000, 0x0c20f000, 0x148f0000)
   the space 36668K,  75% used [0x09e40000, 0x0b948d90, 0x0b948e00, 0x0c20f000)
 compacting perm gen  total 17408K, used 17213K [0x148f0000, 0x159f0000, 0x188f0000)
   the space 17408K,  98% used [0x148f0000, 0x159bf4f0, 0x159bf600, 0x159f0000)
No shared spaces configured.
Event: 13.794 GC heap after
Heap after GC invocations=61 (full 3):
 def new generation   total 16576K, used 916K [0x048f0000, 0x05ae0000, 0x09e40000)
  eden space 14784K,   0% used [0x048f0000, 0x048f0000, 0x05760000)
  from space 1792K,  51% used [0x05920000, 0x05a05110, 0x05ae0000)
  to   space 1792K,   0% used [0x05760000, 0x05760000, 0x05920000)
 tenured generation   total 36668K, used 28726K [0x09e40000, 0x0c20f000, 0x148f0000)
   the space 36668K,  78% used [0x09e40000, 0x0ba4d9d0, 0x0ba4da00, 0x0c20f000)
 compacting perm gen  total 17408K, used 17213K [0x148f0000, 0x159f0000, 0x188f0000)
   the space 17408K,  98% used [0x148f0000, 0x159bf4f0, 0x159bf600, 0x159f0000)
No shared spaces configured.
}
Event: 14.000 GC heap before
{Heap before GC invocations=61 (full 3):
 def new generation   total 16576K, used 15685K [0x048f0000, 0x05ae0000, 0x09e40000)
  eden space 14784K,  99% used [0x048f0000, 0x0575c408, 0x05760000)
  from space 1792K,  51% used [0x05920000, 0x05a05110, 0x05ae0000)
  to   space 1792K,   0% used [0x05760000, 0x05760000, 0x05920000)
 tenured generation   total 36668K, used 28726K [0x09e40000, 0x0c20f000, 0x148f0000)
   the space 36668K,  78% used [0x09e40000, 0x0ba4d9d0, 0x0ba4da00, 0x0c20f000)
 compacting perm gen  total 17664K, used 17662K [0x148f0000, 0x15a30000, 0x188f0000)
   the space 17664K,  99% used [0x148f0000, 0x15a2f9b0, 0x15a2fa00, 0x15a30000)
No shared spaces configured.
Event: 14.007 GC heap after
Heap after GC invocations=62 (full 3):
 def new generation   total 16576K, used 734K [0x048f0000, 0x05ae0000, 0x09e40000)
  eden space 14784K,   0% used [0x048f0000, 0x048f0000, 0x05760000)
  from space 1792K,  40% used [0x05760000, 0x058178d8, 0x05920000)
  to   space 1792K,   0% used [0x05920000, 0x05920000, 0x05ae0000)
 tenured generation   total 36668K, used 29088K [0x09e40000, 0x0c20f000, 0x148f0000)
   the space 36668K,  79% used [0x09e40000, 0x0baa81e0, 0x0baa8200, 0x0c20f000)
 compacting perm gen  total 17664K, used 17662K [0x148f0000, 0x15a30000, 0x188f0000)
   the space 17664K,  99% used [0x148f0000, 0x15a2f9b0, 0x15a2fa00, 0x15a30000)
No shared spaces configured.
}
Event: 14.013 GC heap before
{Heap before GC invocations=62 (full 3):
 def new generation   total 16576K, used 15476K [0x048f0000, 0x05ae0000, 0x09e40000)
  eden space 14784K,  99% used [0x048f0000, 0x05755970, 0x05760000)
  from space 1792K,  40% used [0x05760000, 0x058178d8, 0x05920000)
  to   space 1792K,   0% used [0x05920000, 0x05920000, 0x05ae0000)
 tenured generation   total 36668K, used 29088K [0x09e40000, 0x0c20f000, 0x148f0000)
   the space 36668K,  79% used [0x09e40000, 0x0baa81e0, 0x0baa8200, 0x0c20f000)
 compacting perm gen  total 17664K, used 17662K [0x148f0000, 0x15a30000, 0x188f0000)
   the space 17664K,  99% used [0x148f0000, 0x15a2f9b0, 0x15a2fa00, 0x15a30000)
No shared spaces configured.
Event: 14.017 GC heap after
Heap after GC invocations=63 (full 3):
 def new generation   total 16576K, used 632K [0x048f0000, 0x05ae0000, 0x09e40000)
  eden space 14784K,   0% used [0x048f0000, 0x048f0000, 0x05760000)
  from space 1792K,  35% used [0x05920000, 0x059be230, 0x05ae0000)
  to   space 1792K,   0% used [0x05760000, 0x05760000, 0x05920000)
 tenured generation   total 36668K, used 29088K [0x09e40000, 0x0c20f000, 0x148f0000)
   the space 36668K,  79% used [0x09e40000, 0x0baa81e0, 0x0baa8200, 0x0c20f000)
 compacting perm gen  total 17664K, used 17662K [0x148f0000, 0x15a30000, 0x188f0000)
   the space 17664K,  99% used [0x148f0000, 0x15a2f9b0, 0x15a2fa00, 0x15a30000)
No shared spaces configured.
}
Event: 14.045 GC heap before
{Heap before GC invocations=63 (full 3):
 def new generation   total 16576K, used 7230K [0x048f0000, 0x05ae0000, 0x09e40000)
  eden space 14784K,  44% used [0x048f0000, 0x04f61890, 0x05760000)
  from space 1792K,  35% used [0x05920000, 0x059be230, 0x05ae0000)
  to   space 1792K,   0% used [0x05760000, 0x05760000, 0x05920000)
 tenured generation   total 36668K, used 29088K [0x09e40000, 0x0c20f000, 0x148f0000)
   the space 36668K,  79% used [0x09e40000, 0x0baa81e0, 0x0baa8200, 0x0c20f000)
 compacting perm gen  total 17664K, used 17663K [0x148f0000, 0x15a30000, 0x188f0000)
   the space 17664K,  99% used [0x148f0000, 0x15a2fed8, 0x15a30000, 0x15a30000)
No shared spaces configured.
Event: 14.177 GC heap after
Heap after GC invocations=64 (full 4):
 def new generation   total 20352K, used 0K [0x048f0000, 0x05f00000, 0x09e40000)
  eden space 18112K,   0% used [0x048f0000, 0x048f0000, 0x05aa0000)
  from space 2240K,   0% used [0x05aa0000, 0x05aa0000, 0x05cd0000)
  to   space 2240K,   0% used [0x05cd0000, 0x05cd0000, 0x05f00000)
 tenured generation   total 45052K, used 27030K [0x09e40000, 0x0ca3f000, 0x148f0000)
   the space 45052K,  59% used [0x09e40000, 0x0b8a58e0, 0x0b8a5a00, 0x0ca3f000)
 compacting perm gen  total 17408K, used 17187K [0x148f0000, 0x159f0000, 0x188f0000)
   the space 17408K,  98% used [0x148f0000, 0x159b8ec0, 0x159b9000, 0x159f0000)
No shared spaces configured.
}

